<?xml version="1.0" encoding="UTF-8"?>
<!-- Generated by org.testng.reporters.JUnitReportReporter -->
<testsuite hostname="gahlaut-WX-1" name="com.pack.tests.HomePageTests" tests="1" failures="0" timestamp="18 Sep 2016 05:34:21 GMT" time="2.357" errors="0">
  <testcase name="verifyLogin" time="2.357" classname="com.pack.tests.HomePageTests"/>
</testsuite> <!-- com.pack.tests.HomePageTests -->
